c:\dev\fightext\debug\vc141.pdb
c:\dev\fightext\debug\vc141.idb
c:\dev\fightext\debug\introstate.obj
c:\dev\fightext\debug\menustate.obj
c:\dev\fightext\debug\playstate.obj
c:\dev\fightext\debug\kgamemanager.obj
c:\dev\fightext\debug\kgameobject.obj
c:\dev\fightext\debug\kgamestate.obj
c:\dev\fightext\debug\kimage.obj
c:\dev\fightext\debug\kobject.obj
c:\dev\fightext\debug\kplatform.obj
c:\dev\fightext\debug\kalium.obj
c:\dev\fightext\debug\kplayer.obj
c:\dev\fightext\debug\luamanager.obj
c:\dev\fightext\debug\main.obj
c:\dev\fightext\debug\manageraction.obj
c:\dev\fightext\debug\moves.obj
c:\dev\fightext\debug\parser.flex.obj
c:\dev\fightext\debug\parser.tab.obj
c:\dev\fightext\debug\fightext.ilk
c:\dev\fightext\debug\fightext.exe
c:\dev\fightext\debug\fightext.pdb
c:\dev\fightext\debug\fightext.tlog\cl.command.1.tlog
c:\dev\fightext\debug\fightext.tlog\cl.read.1.tlog
c:\dev\fightext\debug\fightext.tlog\cl.write.1.tlog
c:\dev\fightext\debug\fightext.tlog\link.command.1.tlog
c:\dev\fightext\debug\fightext.tlog\link.read.1.tlog
c:\dev\fightext\debug\fightext.tlog\link.write.1.tlog
